0.0 899.68
0.01 900.0
0.02 900.0
0.03 900.0
0.04 899.92
0.05 900.0
0.06 899.92
0.07 900.08
0.08 900.08
0.09 900.08
0.1 900.0
0.11 900.0
0.12 900.0
0.13 900.0
0.14 900.08
0.15 900.0
0.16 900.0
0.17 900.08
0.18 900.0
0.19 900.0
0.2 900.08
0.21 900.0
0.22 900.0
0.23 900.08
0.24 900.0
0.25 900.0
0.26 899.92
0.27 899.92
0.28 900.0
0.29 899.92
0.3 899.92
0.31 899.92
0.32 899.92
0.33 899.44
0.34 900.08
0.35 900.0
0.36 899.92
0.37 899.92
0.38 899.92
0.39 899.92
0.4 900.0
0.41 850.96
0.42 851.6
0.43 855.44
0.44 852.4
0.45 848.16
0.46 855.28
0.47 851.76
0.48 851.76
0.49 851.2
0.5 848.24
0.51 804.88
0.52 806.48
0.53 816.24
0.54 817.36
0.55 807.76
0.56 803.44
0.57 823.36
0.58 811.52
0.59 812.56
0.6 798.8
0.61 818.56
0.62 815.28
0.63 748.56
0.64 764.56
0.65 773.04
0.66 762.8
0.67 763.04
0.68 757.76
0.69 765.92
0.7 760.8
0.71 767.76
0.72 711.04
0.73 716.56
0.74 720.72
0.75 708.0
0.76 718.48
0.77 718.56
0.78 717.36
0.79 717.04
0.8 711.68
0.81 718.08
0.82 720.48
0.83 710.48
0.84 715.52
0.85 719.84
0.86 715.28
0.87 709.2
0.88 716.8
0.89 711.2
0.9 711.28
0.91 713.84
0.92 706.0
0.93 705.04
0.94 698.16
0.95 700.72
0.96 698.72
0.97 699.44
0.98 700.96
0.99 702.8
1.0 703.76
1.01 694.4
1.02 693.76
1.03 659.68
1.04 660.72
1.05 664.08
1.06 665.76
1.07 665.2
1.08 662.8
1.09 660.24
1.1 658.72
1.11 579.6
1.12 580.08
1.13 579.52
1.14 579.36
1.15 578.08
1.16 577.92
1.17 579.92
1.18 580.08
1.19 577.68
1.2 577.92
1.21 579.52
1.22 579.36
1.23 579.76
1.24 478.88
1.25 480.08
1.26 479.84
1.27 478.32
1.28 478.96
1.29 479.92
1.3 477.44
1.31 476.96
1.32 477.68
1.33 377.68
1.34 379.84
1.35 379.6
1.36 379.52
1.37 379.28
1.38 379.92
1.39 380.08
1.4 379.2
1.41 378.64
1.42 378.48
1.43 379.12
1.44 377.44
1.45 379.28
1.46 379.92
1.47 379.2
1.48 379.44
1.49 380.08
1.5 378.64
1.51 379.52
1.52 378.56
1.53 376.72
1.54 378.48
1.55 377.76
1.56 377.92
1.57 378.72
1.58 377.12
1.59 378.32
1.6 379.84
1.61 379.28
1.62 379.68
1.63 379.44
1.64 378.08
1.65 379.12
1.66 379.52
1.67 378.48
1.68 378.88
1.69 376.8
1.7 379.44
1.71 376.88
1.72 378.4
1.73 376.88
1.74 377.76
1.75 380.08
1.76 379.36
1.77 377.6
1.78 379.12
1.79 376.48
1.8 379.76
1.81 378.32
1.82 377.92
1.83 378.88
1.84 378.8
1.85 379.36
1.86 379.6
1.87 377.84
1.88 378.16
1.89 378.64
1.9 379.84
1.91 376.64
1.92 378.96
1.93 378.48
1.94 379.12
1.95 377.76
1.96 379.12
1.97 379.28
1.98 380.08
1.99 379.04
